110         0.0048           24.1
110        0.00678           5.02
110        0.00958           4.59
110         0.0135           4.54
110         0.0191           4.47
110          0.027           4.67
110         0.0381           4.81
110         0.0539           5.04
110         0.0761           5.14
110          0.108           5.52
110          0.152           6.29
110          0.215           7.81
110          0.303           9.08
110          0.428             16
110          0.605           39.7
130        0.00678           7.54
130        0.00958           4.87
130         0.0135           4.87
130         0.0191           4.84
130          0.027           4.75
130         0.0381           4.89
130         0.0539           4.91
130         0.0761           5.43
130          0.108           6.29
130          0.152           6.35
130          0.215           7.37
130          0.303           10.8
130          0.428             13
130          0.605             47
200        0.00958             13
200         0.0135           5.16
200         0.0191           5.28
200          0.027           5.15
200         0.0381           5.16
200         0.0539           5.46
200         0.0761           5.61
200          0.108           6.18
200          0.152           6.87
200          0.215           7.94
200          0.303           10.2
200          0.428           13.7
200          0.605           28.1
400         0.0191           15.8
400          0.027           6.74
400         0.0381           6.53
400         0.0539            6.3
400         0.0761           6.37
400          0.108           6.62
400          0.152           8.23
400          0.215           8.21
400          0.303             11
400          0.428           16.8
400          0.605             47
400          0.854            105
700         0.0381           10.1
700         0.0539           7.32
700         0.0761           8.33
700          0.108           8.18
700          0.152           8.67
700          0.215           8.98
700          0.303           12.5
700          0.428           18.6
700          0.605           31.7
1e+03         0.0539           15.2
1e+03         0.0761           11.7
1e+03          0.108           9.04
1e+03          0.152           8.98
1e+03          0.215           10.9
1e+03          0.303           14.4
1e+03          0.428           19.2
1e+03          0.605             47
1.4e+03         0.0761           6.93
1.4e+03          0.108           4.19
1.4e+03          0.152            4.2
1.4e+03          0.215           4.13
1.4e+03          0.303           4.95
1.4e+03          0.428           7.05
1.4e+03          0.605           15.5
1.4e+03          0.854           52.5
3e+03          0.152             13
3e+03          0.215            7.9
3e+03          0.303           8.11
3e+03          0.428           11.2
3e+03          0.605           20.2
5e+03          0.303           12.6
5e+03          0.428           13.3
5e+03          0.605           20.6
5e+03          0.854            105
9e+03          0.428           37.2
9e+03          0.605           20.6
