x               Q2[GeV^2]          y           W2[GeV^2]      stat[%]     pt-pt[%]   norm[%]
---------------------------------------------------------------------------------------------
beam energy set:18x110
-----------------------
0.000325           1.29          0.503           3981        0.00744       1.5       2.5
0.000515           1.29          0.317           2511        0.00715       1.5       2.5
0.000515           2.05          0.503           3980        0.00925       1.5       2.5
0.000815           1.29            0.2           1584        0.00705       1.5       2.5
0.000815           2.05          0.317           2511         0.0089       1.5       2.5
0.000815           3.25          0.503           3979         0.0111       1.5       2.5
0.00129            1.29          0.126          999.6         0.0071       1.5       2.5
0.00129            2.05            0.2           1584         0.0088       1.5       2.5
0.00129            3.25          0.317           2510         0.0107       1.5       2.5
0.00129            5.15          0.503           3977         0.0135       1.5       2.5
0.00205            1.29         0.0797          630.5        0.00723       1.5       2.5
0.00205            2.05          0.126          998.8        0.00886       1.5       2.5
0.00205            3.25            0.2           1583         0.0106       1.5       2.5
0.00205            5.15          0.317           2508          0.013       1.5       2.5
0.00205            8.15          0.503           3974         0.0167       1.5       2.5
0.00325            1.29         0.0503          397.7        0.00741       1.5       2.5
0.00325            2.05         0.0797          629.8          0.009       1.5       2.5
0.00325            3.25          0.126          997.6         0.0106       1.5       2.5
0.00325            5.15            0.2           1581         0.0129       1.5       2.5
0.00325            8.15          0.317           2505         0.0161       1.5       2.5
0.00325            12.9          0.503           3969         0.0209       1.5       2.5
0.00515            1.29         0.0317          250.8        0.00762       1.5       2.5
0.00515            2.05         0.0503          396.9        0.00923       1.5       2.5
0.00515            3.25         0.0797          628.6         0.0108       1.5       2.5
0.00515            5.15          0.126          995.7          0.013       1.5       2.5
0.00515            8.15            0.2           1578         0.0161       1.5       2.5
0.00515            12.9          0.317           2500         0.0203       1.5       2.5
0.00515            20.5          0.503           3961         0.0265       1.5       2.5
0.00815            1.29           0.02          158.1        0.00783       1.5       2.5
0.00815            2.05         0.0317            250        0.00947       1.5       2.5
0.00815            3.25         0.0503          395.7         0.0111       1.5       2.5
0.00815            5.15         0.0797          626.7         0.0133       1.5       2.5
0.00815            8.15          0.126          992.7         0.0162       1.5       2.5
0.00815            12.9            0.2           1573         0.0202       1.5       2.5
0.00815            20.5          0.317           2492         0.0261       1.5       2.5
0.00815            32.5          0.503           3949         0.0345       1.5       2.5
0.0129             2.05           0.02          157.3        0.00972       1.5       2.5
0.0129             3.25         0.0317          248.8         0.0114       1.5       2.5
0.0129             5.15         0.0503          393.8         0.0136       1.5       2.5
0.0129             8.15         0.0797          623.7         0.0166       1.5       2.5
0.0129             12.9          0.126            988         0.0206       1.5       2.5
0.0129             20.5            0.2           1565          0.026       1.5       2.5
0.0129             32.5          0.317           2480         0.0339       1.5       2.5
0.0129             51.5          0.503           3930          0.045       1.5       2.5
0.0205             3.25           0.02          156.1         0.0117       1.5       2.5
0.0205             5.15         0.0317          246.9          0.014       1.5       2.5
0.0205             8.15         0.0503          390.8          0.017       1.5       2.5
0.0205             12.9         0.0797          618.9         0.0211       1.5       2.5
0.0205             20.5          0.126          980.4         0.0266       1.5       2.5
0.0205             32.5            0.2           1553          0.034       1.5       2.5
0.0205             51.5          0.317           2461         0.0442       1.5       2.5
0.0205             81.5          0.503           3900         0.0594       1.5       2.5
0.0325             5.15           0.02          154.2         0.0145       1.5       2.5
0.0325             8.15         0.0317          243.9         0.0176       1.5       2.5
0.0325             12.9         0.0503          386.1         0.0217       1.5       2.5
0.0325             20.5         0.0797          611.4         0.0273       1.5       2.5
0.0325             32.5          0.126          968.4         0.0345       1.5       2.5
0.0325             51.5            0.2           1534         0.0444       1.5       2.5
0.0325             81.5          0.317           2431         0.0587       1.5       2.5
0.0325              129          0.503           3853         0.0791       1.5       2.5
0.0515             8.15           0.02          151.2         0.0182       1.5       2.5
0.0515             12.9         0.0317          239.1         0.0226       1.5       2.5
0.0515             20.5         0.0503          378.5         0.0282       1.5       2.5
0.0515             32.5         0.0797          599.4         0.0359       1.5       2.5
0.0515             51.5          0.126          949.4         0.0457       1.5       2.5
0.0515             81.5            0.2           1504         0.0595       1.5       2.5
0.0515              129          0.317           2384          0.079       1.5       2.5
0.0515              205          0.503           3777          0.105       1.5       2.5
0.0815             12.9           0.02          146.4         0.0234       1.5       2.5
0.0815             20.5         0.0317          231.6         0.0292       1.5       2.5
0.0815             32.5         0.0503          366.5         0.0369       1.5       2.5
0.0815             51.5         0.0797          580.4         0.0474       1.5       2.5
0.0815             81.5          0.126          919.3           0.06       1.5       2.5
0.0815              129            0.2           1457         0.0798       1.5       2.5
0.0815              205          0.317           2308          0.106       1.5       2.5
0.0815              325          0.503           3657          0.144       1.5       2.5
0.129              20.5           0.02          138.9         0.0306       1.5       2.5
0.129              32.5         0.0317          219.6         0.0388       1.5       2.5
0.129              51.5         0.0503          347.5         0.0491       1.5       2.5
0.129              81.5         0.0797          550.3          0.063       1.5       2.5
0.129               129          0.126          871.6         0.0823       1.5       2.5
0.129               205            0.2           1381          0.108       1.5       2.5
0.129               325          0.317           2188          0.143       1.5       2.5
0.129               515          0.503           3467            0.2       1.5       2.5
0.205              32.5           0.02          126.9         0.0414       1.5       2.5
0.205              51.5         0.0317          200.6          0.053       1.5       2.5
0.205              81.5         0.0503          317.4         0.0685       1.5       2.5
0.205               129         0.0797          502.6          0.087       1.5       2.5
0.205               205          0.126            796          0.116       1.5       2.5
0.205               325            0.2           1261           0.15       1.5       2.5
0.205               515          0.317           1998            0.2       1.5       2.5
0.205               815          0.503           3166          0.272       1.5       2.5
0.325              51.5           0.02          107.9         0.0626       1.5       2.5
0.325              81.5         0.0317          170.5         0.0803       1.5       2.5
0.325               129         0.0503          269.7          0.104       1.5       2.5
0.325               205         0.0797            427          0.135       1.5       2.5
0.325               325          0.126          676.2          0.177       1.5       2.5
0.325               515            0.2           1071          0.235       1.5       2.5
0.325               815          0.317           1697           0.31       1.5       2.5
0.325          1.29e+03          0.503           2690          0.424       1.5       2.5
0.515              81.5           0.02          77.82          0.126       1.5       2.5
0.515               129         0.0317          122.8          0.157       1.5       2.5
0.515               205         0.0503          194.1          0.212       1.5       2.5
0.515               325         0.0797          307.2          0.275       1.5       2.5
0.515               515          0.126          486.3          0.364       1.5       2.5
0.515               815            0.2          770.3          0.495       1.5       2.5
0.515          1.29e+03          0.317           1220          0.663       1.5       2.5
0.515          2.05e+03          0.503           1934           1.06       1.5       2.5
0.815               129           0.02          30.13          0.514       1.5       2.5
0.815               205         0.0317          47.23          0.727       1.5       2.5
0.815               325         0.0503          74.34          0.944       1.5       2.5
0.815               515         0.0797          117.3          0.908       1.5       2.5
0.815               815          0.126          185.4           1.41       1.5       2.5
0.815          1.29e+03            0.2          293.3            2.6       1.5       2.5
0.815          2.05e+03          0.317          464.4           2.06       1.5       2.5
0.815          3.25e+03          0.503          735.5           3.36       1.5       2.5

beam energy set:10x110
-----------------------
0.000515           1.29          0.571           2511        0.00801       1.5       2.5
0.000815           1.29           0.36           1584        0.00763       1.5       2.5
0.000815           2.05          0.571           2511        0.00998       1.5       2.5
0.00129            1.29          0.227          999.6        0.00747       1.5       2.5
0.00129            2.05           0.36           1584        0.00951       1.5       2.5
0.00129            3.25          0.571           2510          0.012       1.5       2.5
0.00205            1.29          0.143          630.5        0.00747       1.5       2.5
0.00205            2.05          0.227          998.8        0.00932       1.5       2.5
0.00205            3.25           0.36           1583         0.0114       1.5       2.5
0.00205            5.15          0.571           2508         0.0146       1.5       2.5
0.00325            1.29         0.0905          397.7        0.00756       1.5       2.5
0.00325            2.05          0.143          629.8        0.00931       1.5       2.5
0.00325            3.25          0.227          997.6         0.0112       1.5       2.5
0.00325            5.15           0.36           1581          0.014       1.5       2.5
0.00325            8.15          0.571           2505          0.018       1.5       2.5
0.00515            1.29         0.0571          250.8        0.00771       1.5       2.5
0.00515            2.05         0.0905          396.9        0.00941       1.5       2.5
0.00515            3.25          0.143          628.6         0.0112       1.5       2.5
0.00515            5.15          0.227          995.7         0.0137       1.5       2.5
0.00515            8.15           0.36           1578         0.0174       1.5       2.5
0.00515            12.9          0.571           2500         0.0227       1.5       2.5
0.00815            1.29          0.036          158.1        0.00789       1.5       2.5
0.00815            2.05         0.0571            250         0.0096       1.5       2.5
0.00815            3.25         0.0905          395.7         0.0113       1.5       2.5
0.00815            5.15          0.143          626.7         0.0137       1.5       2.5
0.00815            8.15          0.227          992.7         0.0171       1.5       2.5
0.00815            12.9           0.36           1573         0.0219       1.5       2.5
0.00815            20.5          0.571           2492         0.0291       1.5       2.5
0.0129             1.29         0.0227          99.59        0.00807       1.5       2.5
0.0129             2.05          0.036          157.3        0.00978       1.5       2.5
0.0129             3.25         0.0571          248.8         0.0115       1.5       2.5
0.0129             5.15         0.0905          393.8         0.0139       1.5       2.5
0.0129             8.15          0.143          623.7         0.0172       1.5       2.5
0.0129             12.9          0.227            988         0.0217       1.5       2.5
0.0129             20.5           0.36           1565         0.0281       1.5       2.5
0.0129             32.5          0.571           2480         0.0376       1.5       2.5
0.0205             2.05         0.0227          98.83        0.00998       1.5       2.5
0.0205             3.25          0.036          156.1         0.0118       1.5       2.5
0.0205             5.15         0.0571          246.9         0.0142       1.5       2.5
0.0205             8.15         0.0905          390.8         0.0175       1.5       2.5
0.0205             12.9          0.143          618.9         0.0218       1.5       2.5
0.0205             20.5          0.227          980.4         0.0279       1.5       2.5
0.0205             32.5           0.36           1553         0.0365       1.5       2.5
0.0205             51.5          0.571           2461         0.0492       1.5       2.5
0.0325             3.25         0.0227          97.63          0.012       1.5       2.5
0.0325             5.15          0.036          154.2         0.0146       1.5       2.5
0.0325             8.15         0.0571          243.9         0.0178       1.5       2.5
0.0325             12.9         0.0905          386.1         0.0222       1.5       2.5
0.0325             20.5          0.143          611.4         0.0282       1.5       2.5
0.0325             32.5          0.227          968.4         0.0363       1.5       2.5
0.0325             51.5           0.36           1534          0.048       1.5       2.5
0.0325             81.5          0.571           2431         0.0659       1.5       2.5
0.0515             5.15         0.0227          95.74          0.015       1.5       2.5
0.0515             8.15          0.036          151.2         0.0184       1.5       2.5
0.0515             12.9         0.0571          239.1         0.0228       1.5       2.5
0.0515             20.5         0.0905          378.5         0.0289       1.5       2.5
0.0515             32.5          0.143          599.4         0.0369       1.5       2.5
0.0515             51.5          0.227          949.4          0.048       1.5       2.5
0.0515             81.5           0.36           1504         0.0642       1.5       2.5
0.0515              129          0.571           2384         0.0866       1.5       2.5
0.0815             8.15         0.0227          92.73         0.0189       1.5       2.5
0.0815             12.9          0.036          146.4         0.0236       1.5       2.5
0.0815             20.5         0.0571          231.6         0.0298       1.5       2.5
0.0815             32.5         0.0905          366.5         0.0379       1.5       2.5
0.0815             51.5          0.143          580.4         0.0486       1.5       2.5
0.0815             81.5          0.227          919.3         0.0632       1.5       2.5
0.0815              129           0.36           1457         0.0855       1.5       2.5
0.0815              205          0.571           2308          0.117       1.5       2.5
0.129              12.9         0.0227          87.96         0.0244       1.5       2.5
0.129              20.5          0.036          138.9         0.0309       1.5       2.5
0.129              32.5         0.0571          219.6         0.0394       1.5       2.5
0.129              51.5         0.0905          347.5         0.0503       1.5       2.5
0.129              81.5          0.143          550.3         0.0646       1.5       2.5
0.129               129          0.227          871.6         0.0855       1.5       2.5
0.129               205           0.36           1381          0.114       1.5       2.5
0.129               325          0.571           2188          0.159       1.5       2.5
0.205              20.5         0.0227           80.4          0.033       1.5       2.5
0.205              32.5          0.036          126.9         0.0421       1.5       2.5
0.205              51.5         0.0571          200.6         0.0536       1.5       2.5
0.205              81.5         0.0905          317.4         0.0691       1.5       2.5
0.205               129          0.143          502.6         0.0905       1.5       2.5
0.205               205          0.227            796          0.122       1.5       2.5
0.205               325           0.36           1261          0.162       1.5       2.5
0.205               515          0.571           1998          0.222       1.5       2.5
0.325              32.5         0.0227          68.42          0.049       1.5       2.5
0.325              51.5          0.036          107.9         0.0637       1.5       2.5
0.325              81.5         0.0571          170.5         0.0811       1.5       2.5
0.325               129         0.0905          269.7          0.106       1.5       2.5
0.325               205          0.143            427          0.139       1.5       2.5
0.325               325          0.227          676.2          0.182       1.5       2.5
0.325               515           0.36           1071          0.252       1.5       2.5
0.325               815          0.571           1697           0.37       1.5       2.5
0.515              51.5         0.0227          49.43          0.096       1.5       2.5
0.515              81.5          0.036          77.82          0.123       1.5       2.5
0.515               129         0.0571          122.8          0.163       1.5       2.5
0.515               205         0.0905          194.1          0.207       1.5       2.5
0.515               325          0.143          307.2           0.27       1.5       2.5
0.515               515          0.227          486.3          0.382       1.5       2.5
0.515               815           0.36          770.3           0.52       1.5       2.5
0.515          1.29e+03          0.571           1220          0.756       1.5       2.5
0.815              81.5         0.0227          19.33          0.405       1.5       2.5
0.815               129          0.036          30.13          0.498       1.5       2.5
0.815               205         0.0571          47.23          0.645       1.5       2.5
0.815               325         0.0905          74.34          0.818       1.5       2.5
0.815               515          0.143          117.3           1.17       1.5       2.5
0.815               815          0.227          185.4           1.62       1.5       2.5
0.815          1.29e+03           0.36          293.3           1.74       1.5       2.5

beam energy set:5x41
-----------------------
0.00325            1.29          0.485          397.7        0.00905       1.5       2.5
0.00515            1.29          0.306          250.8        0.00864       1.5       2.5
0.00515            2.05          0.485          396.9         0.0113       1.5       2.5
0.00815            1.29          0.193          158.1        0.00845       1.5       2.5
0.00815            2.05          0.306            250         0.0108       1.5       2.5
0.00815            3.25          0.485          395.7         0.0136       1.5       2.5
0.0129             1.29          0.122          99.59        0.00838       1.5       2.5
0.0129             2.05          0.193          157.3         0.0105       1.5       2.5
0.0129             3.25          0.306          248.8         0.0129       1.5       2.5
0.0129             5.15          0.485          393.8         0.0167       1.5       2.5
0.0205             1.29         0.0769          62.68        0.00842       1.5       2.5
0.0205             2.05          0.122          98.83         0.0104       1.5       2.5
0.0205             3.25          0.193          156.1         0.0126       1.5       2.5
0.0205             5.15          0.306          246.9          0.016       1.5       2.5
0.0205             8.15          0.485          390.8         0.0209       1.5       2.5
0.0325             1.29         0.0485           39.4         0.0085       1.5       2.5
0.0325             2.05         0.0769          61.93         0.0104       1.5       2.5
0.0325             3.25          0.122          97.63         0.0125       1.5       2.5
0.0325             5.15          0.193          154.2         0.0156       1.5       2.5
0.0325             8.15          0.306          243.9           0.02       1.5       2.5
0.0325             12.9          0.485          386.1         0.0266       1.5       2.5
0.0515             1.29         0.0306          24.71        0.00859       1.5       2.5
0.0515             2.05         0.0485          38.64         0.0104       1.5       2.5
0.0515             3.25         0.0769          60.73         0.0126       1.5       2.5
0.0515             5.15          0.122          95.74         0.0156       1.5       2.5
0.0515             8.15          0.193          151.2         0.0197       1.5       2.5
0.0515             12.9          0.306          239.1         0.0257       1.5       2.5
0.0515             20.5          0.485          378.5         0.0345       1.5       2.5
0.0815             1.29         0.0193          15.44        0.00894       1.5       2.5
0.0815             2.05         0.0306          23.95         0.0105       1.5       2.5
0.0815             3.25         0.0485          37.44         0.0127       1.5       2.5
0.0815             5.15         0.0769          58.83         0.0157       1.5       2.5
0.0815             8.15          0.122          92.73         0.0197       1.5       2.5
0.0815             12.9          0.193          146.4         0.0253       1.5       2.5
0.0815             20.5          0.306          231.6         0.0333       1.5       2.5
0.0815             32.5          0.485          366.5         0.0451       1.5       2.5
0.129              2.05         0.0193          14.68         0.0108       1.5       2.5
0.129              3.25         0.0306          22.75          0.013       1.5       2.5
0.129              5.15         0.0485          35.55         0.0159       1.5       2.5
0.129              8.15         0.0769          55.82           0.02       1.5       2.5
0.129              12.9          0.122          87.96         0.0254       1.5       2.5
0.129              20.5          0.193          138.9         0.0331       1.5       2.5
0.129              32.5          0.306          219.6         0.0439       1.5       2.5
0.129              51.5          0.485          347.5         0.0599       1.5       2.5
0.205              3.25         0.0193          13.48         0.0136       1.5       2.5
0.205              5.15         0.0306          20.85         0.0168       1.5       2.5
0.205              8.15         0.0485          32.54         0.0209       1.5       2.5
0.205              12.9         0.0769          51.05         0.0266       1.5       2.5
0.205              20.5          0.122           80.4         0.0344       1.5       2.5
0.205              32.5          0.193          126.9         0.0449       1.5       2.5
0.205              51.5          0.306          200.6         0.0603       1.5       2.5
0.205              81.5          0.485          317.4         0.0827       1.5       2.5
0.325              5.15         0.0193          11.58         0.0191       1.5       2.5
0.325              8.15         0.0306          17.84          0.024       1.5       2.5
0.325              12.9         0.0485          27.77         0.0305       1.5       2.5
0.325              20.5         0.0769          43.49         0.0394       1.5       2.5
0.325              32.5          0.122          68.42         0.0513       1.5       2.5
0.325              51.5          0.193          107.9         0.0676       1.5       2.5
0.325              81.5          0.306          170.5         0.0915       1.5       2.5
0.325               129          0.485          269.7          0.125       1.5       2.5
0.515              8.15         0.0193          8.575         0.0352       1.5       2.5
0.515              12.9         0.0306          13.07         0.0448       1.5       2.5
0.515              20.5         0.0485          20.21          0.058       1.5       2.5
0.515              32.5         0.0769          31.51         0.0758       1.5       2.5
0.515              51.5          0.122          49.43         0.0996       1.5       2.5
0.515              81.5          0.193          77.82          0.133       1.5       2.5
0.515               129          0.306          122.8           0.18       1.5       2.5
0.515               205          0.485          194.1          0.256       1.5       2.5
0.815              12.9         0.0193          3.805           0.14       1.5       2.5
0.815              20.5         0.0306          5.515          0.178       1.5       2.5
0.815              32.5         0.0485          8.226          0.238       1.5       2.5
0.815              51.5         0.0769          12.52          0.313       1.5       2.5
0.815              81.5          0.122          19.33          0.424       1.5       2.5
0.815               129          0.193          30.13          0.568       1.5       2.5
0.815               205          0.306          47.23          0.788       1.5       2.5
0.815               325          0.485          74.34           1.04       1.5       2.5
